d:\users\shephard\documents\visual studio 2015\projects\breakneckemergence\breakneckemergence\debug\vc141.pdb
d:\users\shephard\documents\visual studio 2015\projects\breakneckemergence\breakneckemergence\debug\vc141.idb
d:\users\shephard\documents\visual studio 2015\projects\breakneckemergence\breakneckemergence\debug\surfacemover.obj
d:\users\shephard\documents\visual studio 2015\projects\breakneckemergence\breakneckemergence\debug\macinput.obj
d:\users\shephard\documents\visual studio 2015\projects\breakneckemergence\breakneckemergence\debug\playerchar.obj
d:\users\shephard\documents\visual studio 2015\projects\breakneckemergence\breakneckemergence\debug\shapes.obj
d:\users\shephard\documents\visual studio 2015\projects\breakneckemergence\breakneckemergence\debug\advancing_front.obj
d:\users\shephard\documents\visual studio 2015\projects\breakneckemergence\breakneckemergence\debug\cdt.obj
d:\users\shephard\documents\visual studio 2015\projects\breakneckemergence\breakneckemergence\debug\sweep.obj
d:\users\shephard\documents\visual studio 2015\projects\breakneckemergence\breakneckemergence\debug\sweep_context.obj
d:\users\shephard\documents\visual studio 2015\projects\breakneckemergence\breakneckemergence\debug\fpoint.obj
d:\users\shephard\documents\visual studio 2015\projects\breakneckemergence\breakneckemergence\debug\quadtree.obj
d:\users\shephard\documents\visual studio 2015\projects\breakneckemergence\breakneckemergence\debug\rail.obj
d:\users\shephard\documents\visual studio 2015\projects\breakneckemergence\breakneckemergence\debug\savefile.obj
d:\users\shephard\documents\visual studio 2015\projects\breakneckemergence\breakneckemergence\debug\sequence.obj
d:\users\shephard\documents\visual studio 2015\projects\breakneckemergence\breakneckemergence\debug\shippickup.obj
d:\users\shephard\documents\visual studio 2015\projects\breakneckemergence\breakneckemergence\debug\soundmanager.obj
d:\users\shephard\documents\visual studio 2015\projects\breakneckemergence\breakneckemergence\debug\terrainpolygon.obj
d:\users\shephard\documents\visual studio 2015\projects\breakneckemergence\breakneckemergence\debug\tileset.obj
d:\users\shephard\documents\visual studio 2015\projects\breakneckemergence\breakneckemergence\debug\uibutton.obj
d:\users\shephard\documents\visual studio 2015\projects\breakneckemergence\breakneckemergence\debug\uicheckbox.obj
d:\users\shephard\documents\visual studio 2015\projects\breakneckemergence\breakneckemergence\debug\uicontrolgrid.obj
d:\users\shephard\documents\visual studio 2015\projects\breakneckemergence\breakneckemergence\debug\uihorizchooser.obj
d:\users\shephard\documents\visual studio 2015\projects\breakneckemergence\breakneckemergence\debug\uiverticalcontrollist.obj
d:\users\shephard\documents\visual studio 2015\projects\breakneckemergence\breakneckemergence\debug\uiwindow.obj
d:\users\shephard\documents\visual studio 2015\projects\breakneckemergence\breakneckemergence\debug\vectormath.obj
d:\users\shephard\documents\visual studio 2015\projects\breakneckemergence\breakneckemergence\debug\victoryscreen.obj
d:\users\shephard\documents\visual studio 2015\projects\breakneckemergence\breakneckemergence\debug\wire.obj
d:\users\shephard\documents\visual studio 2015\projects\breakneckemergence\breakneckemergence\debug\worldmap.obj
d:\users\shephard\documents\visual studio 2015\projects\breakneckemergence\breakneckemergence\debug\zone.obj
d:\users\shephard\documents\visual studio 2015\projects\breakneckemergence\breakneckemergence\debug\main.obj
d:\users\shephard\documents\visual studio 2015\projects\breakneckemergence\breakneckemergence\debug\mainmenu.obj
d:\users\shephard\documents\visual studio 2015\projects\breakneckemergence\breakneckemergence\debug\movable.obj
d:\users\shephard\documents\visual studio 2015\projects\breakneckemergence\breakneckemergence\debug\movement.obj
d:\users\shephard\documents\visual studio 2015\projects\breakneckemergence\breakneckemergence\debug\mover.obj
d:\users\shephard\documents\visual studio 2015\projects\breakneckemergence\breakneckemergence\debug\musicselector.obj
d:\users\shephard\documents\visual studio 2015\projects\breakneckemergence\breakneckemergence\debug\nexus.obj
d:\users\shephard\documents\visual studio 2015\projects\breakneckemergence\breakneckemergence\debug\parallax.obj
d:\users\shephard\documents\visual studio 2015\projects\breakneckemergence\breakneckemergence\debug\pausemenu.obj
d:\users\shephard\documents\visual studio 2015\projects\breakneckemergence\breakneckemergence\debug\physics.obj
d:\users\shephard\documents\visual studio 2015\projects\breakneckemergence\breakneckemergence\debug\playerrecord.obj
d:\users\shephard\documents\visual studio 2015\projects\breakneckemergence\breakneckemergence\debug\powerorbs.obj
d:\users\shephard\documents\visual studio 2015\projects\breakneckemergence\breakneckemergence\debug\primitive3d.obj
d:\users\shephard\documents\visual studio 2015\projects\breakneckemergence\breakneckemergence\debug\enemy_spider.obj
d:\users\shephard\documents\visual studio 2015\projects\breakneckemergence\breakneckemergence\debug\enemy_stagbeetle.obj
d:\users\shephard\documents\visual studio 2015\projects\breakneckemergence\breakneckemergence\debug\enemy_swarm.obj
d:\users\shephard\documents\visual studio 2015\projects\breakneckemergence\breakneckemergence\debug\enemy_turtle.obj
d:\users\shephard\documents\visual studio 2015\projects\breakneckemergence\breakneckemergence\debug\enveffects.obj
d:\users\shephard\documents\visual studio 2015\projects\breakneckemergence\breakneckemergence\debug\feedback.obj
d:\users\shephard\documents\visual studio 2015\projects\breakneckemergence\breakneckemergence\debug\flow.obj
d:\users\shephard\documents\visual studio 2015\projects\breakneckemergence\breakneckemergence\debug\gamesession.obj
d:\users\shephard\documents\visual studio 2015\projects\breakneckemergence\breakneckemergence\debug\gate.obj
d:\users\shephard\documents\visual studio 2015\projects\breakneckemergence\breakneckemergence\debug\goalexplosion.obj
d:\users\shephard\documents\visual studio 2015\projects\breakneckemergence\breakneckemergence\debug\gpuflow.obj
d:\users\shephard\documents\visual studio 2015\projects\breakneckemergence\breakneckemergence\debug\gui.obj
d:\users\shephard\documents\visual studio 2015\projects\breakneckemergence\breakneckemergence\debug\hud.obj
d:\users\shephard\documents\visual studio 2015\projects\breakneckemergence\breakneckemergence\debug\imagetext.obj
d:\users\shephard\documents\visual studio 2015\projects\breakneckemergence\breakneckemergence\debug\input.obj
d:\users\shephard\documents\visual studio 2015\projects\breakneckemergence\breakneckemergence\debug\itemselector.obj
d:\users\shephard\documents\visual studio 2015\projects\breakneckemergence\breakneckemergence\debug\levelselector.obj
d:\users\shephard\documents\visual studio 2015\projects\breakneckemergence\breakneckemergence\debug\levelserver.obj
d:\users\shephard\documents\visual studio 2015\projects\breakneckemergence\breakneckemergence\debug\light.obj
d:\users\shephard\documents\visual studio 2015\projects\breakneckemergence\breakneckemergence\debug\enemy_curveturret.obj
d:\users\shephard\documents\visual studio 2015\projects\breakneckemergence\breakneckemergence\debug\enemy_foottrap.obj
d:\users\shephard\documents\visual studio 2015\projects\breakneckemergence\breakneckemergence\debug\enemy_ghost.obj
d:\users\shephard\documents\visual studio 2015\projects\breakneckemergence\breakneckemergence\debug\enemy_goal.obj
d:\users\shephard\documents\visual studio 2015\projects\breakneckemergence\breakneckemergence\debug\enemy_gorilla.obj
d:\users\shephard\documents\visual studio 2015\projects\breakneckemergence\breakneckemergence\debug\enemy_growingtree.obj
d:\users\shephard\documents\visual studio 2015\projects\breakneckemergence\breakneckemergence\debug\enemy_healthfly.obj
d:\users\shephard\documents\visual studio 2015\projects\breakneckemergence\breakneckemergence\debug\enemy_jay.obj
d:\users\shephard\documents\visual studio 2015\projects\breakneckemergence\breakneckemergence\debug\enemy_mine.obj
d:\users\shephard\documents\visual studio 2015\projects\breakneckemergence\breakneckemergence\debug\enemy_narwhal.obj
d:\users\shephard\documents\visual studio 2015\projects\breakneckemergence\breakneckemergence\debug\enemy_overgrowth.obj
d:\users\shephard\documents\visual studio 2015\projects\breakneckemergence\breakneckemergence\debug\enemy_owl.obj
d:\users\shephard\documents\visual studio 2015\projects\breakneckemergence\breakneckemergence\debug\enemy_patroller.obj
d:\users\shephard\documents\visual studio 2015\projects\breakneckemergence\breakneckemergence\debug\enemy_poisonfrog.obj
d:\users\shephard\documents\visual studio 2015\projects\breakneckemergence\breakneckemergence\debug\enemy_pulser.obj
d:\users\shephard\documents\visual studio 2015\projects\breakneckemergence\breakneckemergence\debug\enemy_racefighttarget.obj
d:\users\shephard\documents\visual studio 2015\projects\breakneckemergence\breakneckemergence\debug\enemy_securityweb.obj
d:\users\shephard\documents\visual studio 2015\projects\breakneckemergence\breakneckemergence\debug\enemy_shard.obj
d:\users\shephard\documents\visual studio 2015\projects\breakneckemergence\breakneckemergence\debug\enemy_shark.obj
d:\users\shephard\documents\visual studio 2015\projects\breakneckemergence\breakneckemergence\debug\enemy_specter.obj
d:\users\shephard\documents\visual studio 2015\projects\breakneckemergence\breakneckemergence\debug\boss_tiger.obj
d:\users\shephard\documents\visual studio 2015\projects\breakneckemergence\breakneckemergence\debug\buf.obj
d:\users\shephard\documents\visual studio 2015\projects\breakneckemergence\breakneckemergence\debug\camera.obj
d:\users\shephard\documents\visual studio 2015\projects\breakneckemergence\breakneckemergence\debug\characteranimator.obj
d:\users\shephard\documents\visual studio 2015\projects\breakneckemergence\breakneckemergence\debug\config.obj
d:\users\shephard\documents\visual studio 2015\projects\breakneckemergence\breakneckemergence\debug\controlprofile.obj
d:\users\shephard\documents\visual studio 2015\projects\breakneckemergence\breakneckemergence\debug\editsession.obj
d:\users\shephard\documents\visual studio 2015\projects\breakneckemergence\breakneckemergence\debug\enemy.obj
d:\users\shephard\documents\visual studio 2015\projects\breakneckemergence\breakneckemergence\debug\enemyquadtree.obj
d:\users\shephard\documents\visual studio 2015\projects\breakneckemergence\breakneckemergence\debug\enemy_badger.obj
d:\users\shephard\documents\visual studio 2015\projects\breakneckemergence\breakneckemergence\debug\enemy_basiceffect.obj
d:\users\shephard\documents\visual studio 2015\projects\breakneckemergence\breakneckemergence\debug\enemy_basicturret.obj
d:\users\shephard\documents\visual studio 2015\projects\breakneckemergence\breakneckemergence\debug\enemy_bat.obj
d:\users\shephard\documents\visual studio 2015\projects\breakneckemergence\breakneckemergence\debug\enemy_blocker.obj
d:\users\shephard\documents\visual studio 2015\projects\breakneckemergence\breakneckemergence\debug\enemy_boss_crawler.obj
d:\users\shephard\documents\visual studio 2015\projects\breakneckemergence\breakneckemergence\debug\enemy_cactus.obj
d:\users\shephard\documents\visual studio 2015\projects\breakneckemergence\breakneckemergence\debug\enemy_cheetah.obj
d:\users\shephard\documents\visual studio 2015\projects\breakneckemergence\breakneckemergence\debug\enemy_copycat.obj
d:\users\shephard\documents\visual studio 2015\projects\breakneckemergence\breakneckemergence\debug\enemy_coralnanobots.obj
d:\users\shephard\documents\visual studio 2015\projects\breakneckemergence\breakneckemergence\debug\enemy_crawler.obj
d:\users\shephard\documents\visual studio 2015\projects\breakneckemergence\breakneckemergence\debug\action.obj
d:\users\shephard\documents\visual studio 2015\projects\breakneckemergence\breakneckemergence\debug\actor.obj
d:\users\shephard\documents\visual studio 2015\projects\breakneckemergence\breakneckemergence\debug\actorparams.obj
d:\users\shephard\documents\visual studio 2015\projects\breakneckemergence\breakneckemergence\debug\actorparams1.obj
d:\users\shephard\documents\visual studio 2015\projects\breakneckemergence\breakneckemergence\debug\actorparams2.obj
d:\users\shephard\documents\visual studio 2015\projects\breakneckemergence\breakneckemergence\debug\actorparams3.obj
d:\users\shephard\documents\visual studio 2015\projects\breakneckemergence\breakneckemergence\debug\actorparams4.obj
d:\users\shephard\documents\visual studio 2015\projects\breakneckemergence\breakneckemergence\debug\actorparams5.obj
d:\users\shephard\documents\visual studio 2015\projects\breakneckemergence\breakneckemergence\debug\actorparams6.obj
d:\users\shephard\documents\visual studio 2015\projects\breakneckemergence\breakneckemergence\debug\airparticles.obj
d:\users\shephard\documents\visual studio 2015\projects\breakneckemergence\breakneckemergence\debug\aura.obj
d:\users\shephard\documents\visual studio 2015\projects\breakneckemergence\breakneckemergence\debug\boss.obj
d:\users\shephard\documents\visual studio 2015\projects\breakneckemergence\breakneckemergence\debug\boss_bird.obj
d:\users\shephard\documents\visual studio 2015\projects\breakneckemergence\breakneckemergence\debug\boss_coyote.obj
d:\users\shephard\documents\visual studio 2015\projects\breakneckemergence\breakneckemergence\debug\boss_crawler.obj
d:\users\shephard\documents\visual studio 2015\projects\breakneckemergence\breakneckemergence\debug\boss_gator.obj
d:\users\shephard\documents\visual studio 2015\projects\breakneckemergence\breakneckemergence\debug\boss_skeleton.obj
d:\users\shephard\documents\visual studio 2015\projects\breakneckemergence\breakneckemergence\debug\spring.obj
d:\users\shephard\documents\visual studio 2015\projects\breakneckemergence\breakneckemergence\debug\booster.obj
d:\users\shephard\documents\visual studio 2015\projects\breakneckemergence\debug\breakneckemergence.exe
d:\users\shephard\documents\visual studio 2015\projects\breakneckemergence\debug\breakneckemergence.ilk
d:\users\shephard\documents\visual studio 2015\projects\breakneckemergence\debug\breakneckemergence.pdb
d:\users\shephard\documents\visual studio 2015\projects\breakneckemergence\breakneckemergence\debug\playerghost.obj
d:\users\shephard\documents\visual studio 2015\projects\breakneckemergence\breakneckemergence\debug\vc140.idb
d:\users\shephard\documents\visual studio 2015\projects\breakneckemergence\breakneckemergence\debug\vc140.pdb
d:\users\shephard\documents\visual studio 2015\projects\breakneckemergence\breakneckemergence\debug\breaknec.85c2eb8a.tlog\cl.command.1.tlog
d:\users\shephard\documents\visual studio 2015\projects\breakneckemergence\breakneckemergence\debug\breaknec.85c2eb8a.tlog\cl.read.1.tlog
d:\users\shephard\documents\visual studio 2015\projects\breakneckemergence\breakneckemergence\debug\breaknec.85c2eb8a.tlog\cl.write.1.tlog
d:\users\shephard\documents\visual studio 2015\projects\breakneckemergence\breakneckemergence\debug\breaknec.85c2eb8a.tlog\link.command.1.tlog
d:\users\shephard\documents\visual studio 2015\projects\breakneckemergence\breakneckemergence\debug\breaknec.85c2eb8a.tlog\link.read.1.tlog
d:\users\shephard\documents\visual studio 2015\projects\breakneckemergence\breakneckemergence\debug\breaknec.85c2eb8a.tlog\link.write.1.tlog
