Build started 10/22/2016 4:10:49 PM.
     1>Project "C:\Users\david pc\documents\visual studio 2010\Projects\Breakneck\Breakneck\Breakneck.vcxproj" on node 2 (build target(s)).
     1>InitializeBuildStatus:
         Creating "Release\Breakneck.unsuccessfulbuild" because "AlwaysCreate" was specified.
       ClCompile:
         C:\Program Files (x86)\Microsoft Visual Studio 10.0\VC\bin\CL.exe /c /I"C:\Users\david pc\Libraries\SFML-2.3.2\include" /I"C:\Users\david pc\Libraries\boost_1_60_0" /Zi /nologo /W3 /WX- /O2 /Oi /Oy- /GL /D _MBCS /Gm- /EHsc /MD /GS /Gy /fp:precise /Zc:wchar_t /Zc:forScope /Fo"Release\\" /Fd"Release\vc100.pdb" /Gd /TP /analyze- /errorReport:prompt "..\..\..\..\..\Breakneck-1\Code\Actor.cpp"
         Actor.cpp
     1>c:\users\david pc\breakneck-1\code\Input.h(106): warning C4482: nonstandard extension used: enum 'KeyboardSettings::ButtonType' used in qualified name
     1>c:\users\david pc\breakneck-1\code\Actor.h(105): warning C4482: nonstandard extension used: enum 'Actor::SoundType' used in qualified name
     1>c:\users\david pc\breakneck-1\code\Actor.h(400): warning C4482: nonstandard extension used: enum 'Actor::Action' used in qualified name
     1>c:\users\david pc\breakneck-1\code\Enemy.h(1336): warning C4482: nonstandard extension used: enum 'StagBeetle::Action' used in qualified name
     1>c:\users\david pc\breakneck-1\code\Enemy.h(1490): warning C4482: nonstandard extension used: enum 'PoisonFrog::Action' used in qualified name
     1>c:\users\david pc\breakneck-1\code\Enemy.h(1491): warning C4482: nonstandard extension used: enum 'PoisonFrog::Action' used in qualified name
     1>c:\users\david pc\breakneck-1\code\Enemy.h(1756): warning C4482: nonstandard extension used: enum 'Badger::Action' used in qualified name
     1>c:\users\david pc\breakneck-1\code\Enemy.h(1757): warning C4482: nonstandard extension used: enum 'Badger::Action' used in qualified name
     1>c:\users\david pc\breakneck-1\code\Enemy.h(2428): warning C4482: nonstandard extension used: enum 'Cheetah::Action' used in qualified name
     1>c:\users\david pc\breakneck-1\code\Enemy.h(2429): warning C4482: nonstandard extension used: enum 'Cheetah::Action' used in qualified name
     1>c:\users\david pc\breakneck-1\code\Enemy.h(2775): warning C4482: nonstandard extension used: enum 'GrowingTree::Action' used in qualified name
     1>c:\users\david pc\breakneck-1\code\Enemy.h(2776): warning C4482: nonstandard extension used: enum 'GrowingTree::Action' used in qualified name
     1>c:\users\david pc\breakneck-1\code\Enemy.h(3163): warning C4482: nonstandard extension used: enum 'Swarm::Action' used in qualified name
     1>c:\users\david pc\breakneck-1\code\Enemy.h(3164): warning C4482: nonstandard extension used: enum 'Swarm::Action' used in qualified name
     1>c:\users\david pc\breakneck-1\code\Enemy.h(3337): warning C4482: nonstandard extension used: enum 'Narwhal::Action' used in qualified name
     1>c:\users\david pc\breakneck-1\code\Enemy.h(3338): warning C4482: nonstandard extension used: enum 'Narwhal::Action' used in qualified name
     1>c:\users\david pc\breakneck-1\code\Enemy.h(3568): warning C4482: nonstandard extension used: enum 'Copycat::PlayerAttack::Type' used in qualified name
     1>c:\users\david pc\breakneck-1\code\Enemy.h(3573): warning C4482: nonstandard extension used: enum 'Copycat::PlayerAttack::Type' used in qualified name
     1>c:\users\david pc\breakneck-1\code\Enemy.h(3574): warning C4482: nonstandard extension used: enum 'Copycat::PlayerAttack::Type' used in qualified name
     1>c:\users\david pc\breakneck-1\code\Enemy.h(3654): warning C4482: nonstandard extension used: enum 'Copycat::PlayerAttack::Type' used in qualified name
     1>c:\users\david pc\breakneck-1\code\Enemy.h(3655): warning C4482: nonstandard extension used: enum 'Copycat::PlayerAttack::Type' used in qualified name
     1>c:\users\david pc\breakneck-1\code\GameSession.h(102): warning C4482: nonstandard extension used: enum 'Gate::GateType' used in qualified name
     1>c:\users\david pc\breakneck-1\code\GameSession.h(366): warning C4482: nonstandard extension used: enum 'GameSession::SoundType' used in qualified name
     1>c:\users\david pc\breakneck-1\code\GameSession.h(763): warning C4482: nonstandard extension used: enum 'EffectLayer' used in qualified name
     1>c:\users\david pc\breakneck-1\code\PowerOrbs.h(90): warning C4482: nonstandard extension used: enum 'PowerWheel::OrbColor' used in qualified name
     1>..\..\..\..\..\Breakneck-1\Code\Actor.cpp(68): warning C4482: nonstandard extension used: enum 'Actor::Expr' used in qualified name
     1>..\..\..\..\..\Breakneck-1\Code\Actor.cpp(203): warning C4305: '=' : truncation from 'double' to 'float'
     1>..\..\..\..\..\Breakneck-1\Code\Actor.cpp(787): warning C4482: nonstandard extension used: enum 'CollisionBox::BoxType' used in qualified name
     1>..\..\..\..\..\Breakneck-1\Code\Actor.cpp(798): warning C4482: nonstandard extension used: enum 'CollisionBox::BoxType' used in qualified name
     1>..\..\..\..\..\Breakneck-1\Code\Actor.cpp(1284): warning C4244: '=' : conversion from 'double' to 'sf::Uint8', possible loss of data
     1>..\..\..\..\..\Breakneck-1\Code\Actor.cpp(1285): warning C4244: '=' : conversion from 'double' to 'sf::Uint8', possible loss of data
     1>..\..\..\..\..\Breakneck-1\Code\Actor.cpp(1286): warning C4244: '=' : conversion from 'double' to 'sf::Uint8', possible loss of data
     1>..\..\..\..\..\Breakneck-1\Code\Actor.cpp(1291): warning C4244: '=' : conversion from 'double' to 'sf::Uint8', possible loss of data
     1>..\..\..\..\..\Breakneck-1\Code\Actor.cpp(1292): warning C4244: '=' : conversion from 'double' to 'sf::Uint8', possible loss of data
     1>..\..\..\..\..\Breakneck-1\Code\Actor.cpp(1293): warning C4244: '=' : conversion from 'double' to 'sf::Uint8', possible loss of data
     1>..\..\..\..\..\Breakneck-1\Code\Actor.cpp(1440): warning C4482: nonstandard extension used: enum 'EffectLayer' used in qualified name
     1>..\..\..\..\..\Breakneck-1\Code\Actor.cpp(1445): warning C4482: nonstandard extension used: enum 'Actor::Expr' used in qualified name
     1>..\..\..\..\..\Breakneck-1\Code\Actor.cpp(1689): warning C4482: nonstandard extension used: enum 'EffectLayer' used in qualified name
     1>..\..\..\..\..\Breakneck-1\Code\Actor.cpp(3843): warning C4482: nonstandard extension used: enum 'EffectLayer' used in qualified name
     1>..\..\..\..\..\Breakneck-1\Code\Actor.cpp(4733): warning C4482: nonstandard extension used: enum 'EffectLayer' used in qualified name
     1>..\..\..\..\..\Breakneck-1\Code\Actor.cpp(5120): warning C4482: nonstandard extension used: enum 'EffectLayer' used in qualified name
     1>..\..\..\..\..\Breakneck-1\Code\Actor.cpp(5319): warning C4244: 'initializing' : conversion from 'double' to 'float', possible loss of data
     1>..\..\..\..\..\Breakneck-1\Code\Actor.cpp(5323): warning C4244: '=' : conversion from 'double' to 'float', possible loss of data
     1>..\..\..\..\..\Breakneck-1\Code\Actor.cpp(5615): warning C4244: 'initializing' : conversion from 'double' to 'float', possible loss of data
     1>..\..\..\..\..\Breakneck-1\Code\Actor.cpp(5619): warning C4244: '=' : conversion from 'double' to 'float', possible loss of data
     1>..\..\..\..\..\Breakneck-1\Code\Actor.cpp(5676): warning C4482: nonstandard extension used: enum 'EffectLayer' used in qualified name
     1>..\..\..\..\..\Breakneck-1\Code\Actor.cpp(10570): warning C4482: nonstandard extension used: enum 'EffectLayer' used in qualified name
     1>..\..\..\..\..\Breakneck-1\Code\Actor.cpp(11581): warning C4244: 'argument' : conversion from 'double' to 'float', possible loss of data
     1>..\..\..\..\..\Breakneck-1\Code\Actor.cpp(11581): warning C4244: 'argument' : conversion from 'double' to 'float', possible loss of data
     1>..\..\..\..\..\Breakneck-1\Code\Actor.cpp(11603): warning C4482: nonstandard extension used: enum 'EffectLayer' used in qualified name
     1>..\..\..\..\..\Breakneck-1\Code\Actor.cpp(11679): warning C4482: nonstandard extension used: enum 'EffectLayer' used in qualified name
     1>..\..\..\..\..\Breakneck-1\Code\Actor.cpp(11686): warning C4482: nonstandard extension used: enum 'EffectLayer' used in qualified name
     1>..\..\..\..\..\Breakneck-1\Code\Actor.cpp(11690): warning C4482: nonstandard extension used: enum 'EffectLayer' used in qualified name
     1>..\..\..\..\..\Breakneck-1\Code\Actor.cpp(11695): warning C4482: nonstandard extension used: enum 'EffectLayer' used in qualified name
     1>..\..\..\..\..\Breakneck-1\Code\Actor.cpp(11699): warning C4482: nonstandard extension used: enum 'EffectLayer' used in qualified name
     1>..\..\..\..\..\Breakneck-1\Code\Actor.cpp(11704): warning C4482: nonstandard extension used: enum 'EffectLayer' used in qualified name
     1>..\..\..\..\..\Breakneck-1\Code\Actor.cpp(11708): warning C4482: nonstandard extension used: enum 'EffectLayer' used in qualified name
     1>..\..\..\..\..\Breakneck-1\Code\Actor.cpp(11712): warning C4482: nonstandard extension used: enum 'EffectLayer' used in qualified name
     1>..\..\..\..\..\Breakneck-1\Code\Actor.cpp(11716): warning C4482: nonstandard extension used: enum 'EffectLayer' used in qualified name
     1>..\..\..\..\..\Breakneck-1\Code\Actor.cpp(11801): warning C4482: nonstandard extension used: enum 'EffectLayer' used in qualified name
     1>..\..\..\..\..\Breakneck-1\Code\Actor.cpp(11812): warning C4482: nonstandard extension used: enum 'EffectLayer' used in qualified name
     1>..\..\..\..\..\Breakneck-1\Code\Actor.cpp(11831): warning C4482: nonstandard extension used: enum 'EffectLayer' used in qualified name
     1>..\..\..\..\..\Breakneck-1\Code\Actor.cpp(11842): warning C4482: nonstandard extension used: enum 'EffectLayer' used in qualified name
     1>..\..\..\..\..\Breakneck-1\Code\Actor.cpp(11859): warning C4305: 'argument' : truncation from 'double' to 'float'
     1>..\..\..\..\..\Breakneck-1\Code\Actor.cpp(11864): warning C4244: '=' : conversion from 'double' to 'int', possible loss of data
     1>..\..\..\..\..\Breakneck-1\Code\Actor.cpp(11865): warning C4244: '=' : conversion from 'double' to 'int', possible loss of data
     1>..\..\..\..\..\Breakneck-1\Code\Actor.cpp(11909): warning C4244: 'argument' : conversion from 'int' to 'float', possible loss of data
     1>..\..\..\..\..\Breakneck-1\Code\Actor.cpp(11909): warning C4244: 'argument' : conversion from 'int' to 'float', possible loss of data
     1>..\..\..\..\..\Breakneck-1\Code\Actor.cpp(11916): warning C4244: 'argument' : conversion from 'double' to 'float', possible loss of data
     1>..\..\..\..\..\Breakneck-1\Code\Actor.cpp(11916): warning C4244: 'argument' : conversion from 'double' to 'float', possible loss of data
     1>..\..\..\..\..\Breakneck-1\Code\Actor.cpp(11916): warning C4244: 'argument' : conversion from 'double' to 'float', possible loss of data
     1>..\..\..\..\..\Breakneck-1\Code\Actor.cpp(11924): warning C4244: 'argument' : conversion from 'int' to 'float', possible loss of data
     1>..\..\..\..\..\Breakneck-1\Code\Actor.cpp(11924): warning C4244: 'argument' : conversion from 'int' to 'float', possible loss of data
     1>..\..\..\..\..\Breakneck-1\Code\Actor.cpp(11932): warning C4244: 'argument' : conversion from 'double' to 'float', possible loss of data
     1>..\..\..\..\..\Breakneck-1\Code\Actor.cpp(11932): warning C4244: 'argument' : conversion from 'double' to 'float', possible loss of data
     1>..\..\..\..\..\Breakneck-1\Code\Actor.cpp(11932): warning C4244: 'argument' : conversion from 'double' to 'float', possible loss of data
     1>..\..\..\..\..\Breakneck-1\Code\Actor.cpp(11939): warning C4244: 'argument' : conversion from 'int' to 'float', possible loss of data
     1>..\..\..\..\..\Breakneck-1\Code\Actor.cpp(11939): warning C4244: 'argument' : conversion from 'int' to 'float', possible loss of data
     1>..\..\..\..\..\Breakneck-1\Code\Actor.cpp(11946): warning C4244: 'argument' : conversion from 'double' to 'float', possible loss of data
     1>..\..\..\..\..\Breakneck-1\Code\Actor.cpp(11946): warning C4244: 'argument' : conversion from 'double' to 'float', possible loss of data
     1>..\..\..\..\..\Breakneck-1\Code\Actor.cpp(11946): warning C4244: 'argument' : conversion from 'double' to 'float', possible loss of data
     1>..\..\..\..\..\Breakneck-1\Code\Actor.cpp(11953): warning C4244: 'argument' : conversion from 'int' to 'float', possible loss of data
     1>..\..\..\..\..\Breakneck-1\Code\Actor.cpp(11953): warning C4244: 'argument' : conversion from 'int' to 'float', possible loss of data
     1>..\..\..\..\..\Breakneck-1\Code\Actor.cpp(11960): warning C4244: 'argument' : conversion from 'double' to 'float', possible loss of data
     1>..\..\..\..\..\Breakneck-1\Code\Actor.cpp(11960): warning C4244: 'argument' : conversion from 'double' to 'float', possible loss of data
     1>..\..\..\..\..\Breakneck-1\Code\Actor.cpp(11960): warning C4244: 'argument' : conversion from 'double' to 'float', possible loss of data
     1>..\..\..\..\..\Breakneck-1\Code\Actor.cpp(11967): warning C4244: 'argument' : conversion from 'int' to 'float', possible loss of data
     1>..\..\..\..\..\Breakneck-1\Code\Actor.cpp(11967): warning C4244: 'argument' : conversion from 'int' to 'float', possible loss of data
     1>..\..\..\..\..\Breakneck-1\Code\Actor.cpp(11974): warning C4244: 'argument' : conversion from 'double' to 'float', possible loss of data
     1>..\..\..\..\..\Breakneck-1\Code\Actor.cpp(11974): warning C4244: 'argument' : conversion from 'double' to 'float', possible loss of data
     1>..\..\..\..\..\Breakneck-1\Code\Actor.cpp(11974): warning C4244: 'argument' : conversion from 'double' to 'float', possible loss of data
     1>..\..\..\..\..\Breakneck-1\Code\Actor.cpp(11981): warning C4244: 'argument' : conversion from 'int' to 'float', possible loss of data
     1>..\..\..\..\..\Breakneck-1\Code\Actor.cpp(11981): warning C4244: 'argument' : conversion from 'int' to 'float', possible loss of data
     1>..\..\..\..\..\Breakneck-1\Code\Actor.cpp(11988): warning C4244: 'argument' : conversion from 'double' to 'float', possible loss of data
     1>..\..\..\..\..\Breakneck-1\Code\Actor.cpp(11988): warning C4244: 'argument' : conversion from 'double' to 'float', possible loss of data
     1>..\..\..\..\..\Breakneck-1\Code\Actor.cpp(11988): warning C4244: 'argument' : conversion from 'double' to 'float', possible loss of data
     1>..\..\..\..\..\Breakneck-1\Code\Actor.cpp(11995): warning C4244: 'argument' : conversion from 'int' to 'float', possible loss of data
     1>..\..\..\..\..\Breakneck-1\Code\Actor.cpp(11995): warning C4244: 'argument' : conversion from 'int' to 'float', possible loss of data
     1>..\..\..\..\..\Breakneck-1\Code\Actor.cpp(12001): warning C4244: 'argument' : conversion from 'double' to 'float', possible loss of data
     1>..\..\..\..\..\Breakneck-1\Code\Actor.cpp(12001): warning C4244: 'argument' : conversion from 'double' to 'float', possible loss of data
     1>..\..\..\..\..\Breakneck-1\Code\Actor.cpp(12001): warning C4244: 'argument' : conversion from 'double' to 'float', possible loss of data
     1>..\..\..\..\..\Breakneck-1\Code\Actor.cpp(12008): warning C4244: 'argument' : conversion from 'int' to 'float', possible loss of data
     1>..\..\..\..\..\Breakneck-1\Code\Actor.cpp(12008): warning C4244: 'argument' : conversion from 'int' to 'float', possible loss of data
     1>..\..\..\..\..\Breakneck-1\Code\Actor.cpp(12014): warning C4244: 'argument' : conversion from 'double' to 'float', possible loss of data
     1>..\..\..\..\..\Breakneck-1\Code\Actor.cpp(12014): warning C4244: 'argument' : conversion from 'double' to 'float', possible loss of data
     1>..\..\..\..\..\Breakneck-1\Code\Actor.cpp(12014): warning C4244: 'argument' : conversion from 'double' to 'float', possible loss of data
     1>..\..\..\..\..\Breakneck-1\Code\Actor.cpp(12021): warning C4244: 'argument' : conversion from 'int' to 'float', possible loss of data
     1>..\..\..\..\..\Breakneck-1\Code\Actor.cpp(12021): warning C4244: 'argument' : conversion from 'int' to 'float', possible loss of data
     1>..\..\..\..\..\Breakneck-1\Code\Actor.cpp(12027): warning C4244: 'argument' : conversion from 'double' to 'float', possible loss of data
     1>..\..\..\..\..\Breakneck-1\Code\Actor.cpp(12027): warning C4244: 'argument' : conversion from 'double' to 'float', possible loss of data
     1>..\..\..\..\..\Breakneck-1\Code\Actor.cpp(12027): warning C4244: 'argument' : conversion from 'double' to 'float', possible loss of data
     1>..\..\..\..\..\Breakneck-1\Code\Actor.cpp(12047): warning C4244: 'argument' : conversion from 'int' to 'float', possible loss of data
     1>..\..\..\..\..\Breakneck-1\Code\Actor.cpp(12187): warning C4244: 'argument' : conversion from 'double' to 'float', possible loss of data
     1>..\..\..\..\..\Breakneck-1\Code\Actor.cpp(12187): warning C4244: 'argument' : conversion from 'double' to 'float', possible loss of data
     1>..\..\..\..\..\Breakneck-1\Code\Actor.cpp(13793): warning C4305: 'argument' : truncation from 'double' to 'float'
     1>..\..\..\..\..\Breakneck-1\Code\Actor.cpp(13982): warning C4244: 'argument' : conversion from 'double' to 'float', possible loss of data
     1>..\..\..\..\..\Breakneck-1\Code\Actor.cpp(13982): warning C4244: 'argument' : conversion from 'double' to 'float', possible loss of data
     1>..\..\..\..\..\Breakneck-1\Code\Actor.cpp(14052): warning C4244: 'argument' : conversion from 'double' to 'float', possible loss of data
     1>..\..\..\..\..\Breakneck-1\Code\Actor.cpp(14052): warning C4244: 'argument' : conversion from 'double' to 'float', possible loss of data
     1>..\..\..\..\..\Breakneck-1\Code\Actor.cpp(14075): warning C4244: 'argument' : conversion from 'double' to 'float', possible loss of data
     1>..\..\..\..\..\Breakneck-1\Code\Actor.cpp(14075): warning C4244: 'argument' : conversion from 'double' to 'float', possible loss of data
     1>..\..\..\..\..\Breakneck-1\Code\Actor.cpp(14172): warning C4244: 'argument' : conversion from 'double' to 'float', possible loss of data
     1>..\..\..\..\..\Breakneck-1\Code\Actor.cpp(14172): warning C4244: 'argument' : conversion from 'double' to 'float', possible loss of data
     1>..\..\..\..\..\Breakneck-1\Code\Actor.cpp(14174): warning C4244: 'argument' : conversion from 'double' to 'float', possible loss of data
     1>..\..\..\..\..\Breakneck-1\Code\Actor.cpp(14174): warning C4244: 'argument' : conversion from 'double' to 'float', possible loss of data
     1>..\..\..\..\..\Breakneck-1\Code\Actor.cpp(14175): warning C4244: 'argument' : conversion from 'double' to 'float', possible loss of data
     1>..\..\..\..\..\Breakneck-1\Code\Actor.cpp(14201): warning C4482: nonstandard extension used: enum 'EffectLayer' used in qualified name
     1>..\..\..\..\..\Breakneck-1\Code\Actor.cpp(14212): warning C4482: nonstandard extension used: enum 'EffectLayer' used in qualified name
     1>..\..\..\..\..\Breakneck-1\Code\Actor.cpp(14218): warning C4482: nonstandard extension used: enum 'EffectLayer' used in qualified name
     1>..\..\..\..\..\Breakneck-1\Code\Actor.cpp(14272): warning C4244: 'argument' : conversion from 'double' to 'float', possible loss of data
     1>..\..\..\..\..\Breakneck-1\Code\Actor.cpp(14293): warning C4244: 'argument' : conversion from 'double' to 'float', possible loss of data
     1>..\..\..\..\..\Breakneck-1\Code\Actor.cpp(14293): warning C4244: 'argument' : conversion from 'double' to 'float', possible loss of data
     1>..\..\..\..\..\Breakneck-1\Code\Actor.cpp(14295): warning C4244: 'argument' : conversion from 'double' to 'float', possible loss of data
     1>..\..\..\..\..\Breakneck-1\Code\Actor.cpp(14295): warning C4244: 'argument' : conversion from 'double' to 'float', possible loss of data
     1>..\..\..\..\..\Breakneck-1\Code\Actor.cpp(14361): warning C4244: 'argument' : conversion from 'double' to 'float', possible loss of data
     1>..\..\..\..\..\Breakneck-1\Code\Actor.cpp(14381): warning C4244: 'argument' : conversion from 'double' to 'float', possible loss of data
     1>..\..\..\..\..\Breakneck-1\Code\Actor.cpp(14381): warning C4244: 'argument' : conversion from 'double' to 'float', possible loss of data
     1>..\..\..\..\..\Breakneck-1\Code\Actor.cpp(14383): warning C4244: 'argument' : conversion from 'double' to 'float', possible loss of data
     1>..\..\..\..\..\Breakneck-1\Code\Actor.cpp(14383): warning C4244: 'argument' : conversion from 'double' to 'float', possible loss of data
     1>..\..\..\..\..\Breakneck-1\Code\Actor.cpp(14447): warning C4244: 'argument' : conversion from 'double' to 'float', possible loss of data
     1>..\..\..\..\..\Breakneck-1\Code\Actor.cpp(14447): warning C4244: 'argument' : conversion from 'double' to 'float', possible loss of data
     1>..\..\..\..\..\Breakneck-1\Code\Actor.cpp(14486): warning C4244: 'argument' : conversion from 'double' to 'float', possible loss of data
     1>..\..\..\..\..\Breakneck-1\Code\Actor.cpp(14507): warning C4244: 'argument' : conversion from 'double' to 'float', possible loss of data
     1>..\..\..\..\..\Breakneck-1\Code\Actor.cpp(14507): warning C4244: 'argument' : conversion from 'double' to 'float', possible loss of data
     1>..\..\..\..\..\Breakneck-1\Code\Actor.cpp(14509): warning C4244: 'argument' : conversion from 'double' to 'float', possible loss of data
     1>..\..\..\..\..\Breakneck-1\Code\Actor.cpp(14509): warning C4244: 'argument' : conversion from 'double' to 'float', possible loss of data
     1>..\..\..\..\..\Breakneck-1\Code\Actor.cpp(14537): warning C4244: 'argument' : conversion from 'double' to 'float', possible loss of data
     1>..\..\..\..\..\Breakneck-1\Code\Actor.cpp(14557): warning C4244: 'argument' : conversion from 'double' to 'float', possible loss of data
     1>..\..\..\..\..\Breakneck-1\Code\Actor.cpp(14557): warning C4244: 'argument' : conversion from 'double' to 'float', possible loss of data
     1>..\..\..\..\..\Breakneck-1\Code\Actor.cpp(14559): warning C4244: 'argument' : conversion from 'double' to 'float', possible loss of data
     1>..\..\..\..\..\Breakneck-1\Code\Actor.cpp(14559): warning C4244: 'argument' : conversion from 'double' to 'float', possible loss of data
     1>..\..\..\..\..\Breakneck-1\Code\Actor.cpp(14572): warning C4482: nonstandard extension used: enum 'EffectLayer' used in qualified name
     1>..\..\..\..\..\Breakneck-1\Code\Actor.cpp(14597): warning C4244: 'argument' : conversion from 'double' to 'float', possible loss of data
     1>..\..\..\..\..\Breakneck-1\Code\Actor.cpp(14617): warning C4244: 'argument' : conversion from 'double' to 'float', possible loss of data
     1>..\..\..\..\..\Breakneck-1\Code\Actor.cpp(14617): warning C4244: 'argument' : conversion from 'double' to 'float', possible loss of data
     1>..\..\..\..\..\Breakneck-1\Code\Actor.cpp(14619): warning C4244: 'argument' : conversion from 'double' to 'float', possible loss of data
     1>..\..\..\..\..\Breakneck-1\Code\Actor.cpp(14619): warning C4244: 'argument' : conversion from 'double' to 'float', possible loss of data
     1>..\..\..\..\..\Breakneck-1\Code\Actor.cpp(14636): warning C4244: 'argument' : conversion from 'double' to 'float', possible loss of data
     1>..\..\..\..\..\Breakneck-1\Code\Actor.cpp(14636): warning C4244: 'argument' : conversion from 'double' to 'float', possible loss of data
     1>..\..\..\..\..\Breakneck-1\Code\Actor.cpp(14653): warning C4482: nonstandard extension used: enum 'EffectLayer' used in qualified name
     1>..\..\..\..\..\Breakneck-1\Code\Actor.cpp(14669): warning C4244: 'argument' : conversion from 'double' to 'float', possible loss of data
     1>..\..\..\..\..\Breakneck-1\Code\Actor.cpp(14669): warning C4244: 'argument' : conversion from 'double' to 'float', possible loss of data
     1>..\..\..\..\..\Breakneck-1\Code\Actor.cpp(14691): warning C4244: 'argument' : conversion from 'double' to 'float', possible loss of data
     1>..\..\..\..\..\Breakneck-1\Code\Actor.cpp(14711): warning C4244: 'argument' : conversion from 'double' to 'float', possible loss of data
     1>..\..\..\..\..\Breakneck-1\Code\Actor.cpp(14711): warning C4244: 'argument' : conversion from 'double' to 'float', possible loss of data
     1>..\..\..\..\..\Breakneck-1\Code\Actor.cpp(14713): warning C4244: 'argument' : conversion from 'double' to 'float', possible loss of data
     1>..\..\..\..\..\Breakneck-1\Code\Actor.cpp(14713): warning C4244: 'argument' : conversion from 'double' to 'float', possible loss of data
     1>..\..\..\..\..\Breakneck-1\Code\Actor.cpp(14767): warning C4244: 'argument' : conversion from 'double' to 'float', possible loss of data
     1>..\..\..\..\..\Breakneck-1\Code\Actor.cpp(14774): warning C4244: 'argument' : conversion from 'double' to 'float', possible loss of data
     1>..\..\..\..\..\Breakneck-1\Code\Actor.cpp(14794): warning C4244: 'argument' : conversion from 'double' to 'float', possible loss of data
     1>..\..\..\..\..\Breakneck-1\Code\Actor.cpp(14794): warning C4244: 'argument' : conversion from 'double' to 'float', possible loss of data
     1>..\..\..\..\..\Breakneck-1\Code\Actor.cpp(14796): warning C4244: 'argument' : conversion from 'double' to 'float', possible loss of data
     1>..\..\..\..\..\Breakneck-1\Code\Actor.cpp(14796): warning C4244: 'argument' : conversion from 'double' to 'float', possible loss of data
     1>..\..\..\..\..\Breakneck-1\Code\Actor.cpp(14806): warning C4244: 'argument' : conversion from 'double' to 'float', possible loss of data
     1>..\..\..\..\..\Breakneck-1\Code\Actor.cpp(14806): warning C4244: 'argument' : conversion from 'double' to 'float', possible loss of data
     1>..\..\..\..\..\Breakneck-1\Code\Actor.cpp(14862): warning C4244: 'argument' : conversion from 'double' to 'float', possible loss of data
     1>..\..\..\..\..\Breakneck-1\Code\Actor.cpp(14866): warning C4244: 'argument' : conversion from 'double' to 'float', possible loss of data
     1>..\..\..\..\..\Breakneck-1\Code\Actor.cpp(14886): warning C4244: 'argument' : conversion from 'double' to 'float', possible loss of data
     1>..\..\..\..\..\Breakneck-1\Code\Actor.cpp(14886): warning C4244: 'argument' : conversion from 'double' to 'float', possible loss of data
     1>..\..\..\..\..\Breakneck-1\Code\Actor.cpp(14888): warning C4244: 'argument' : conversion from 'double' to 'float', possible loss of data
     1>..\..\..\..\..\Breakneck-1\Code\Actor.cpp(14888): warning C4244: 'argument' : conversion from 'double' to 'float', possible loss of data
     1>..\..\..\..\..\Breakneck-1\Code\Actor.cpp(14896): warning C4244: 'argument' : conversion from 'double' to 'float', possible loss of data
     1>..\..\..\..\..\Breakneck-1\Code\Actor.cpp(14896): warning C4244: 'argument' : conversion from 'double' to 'float', possible loss of data
     1>..\..\..\..\..\Breakneck-1\Code\Actor.cpp(14953): warning C4244: 'argument' : conversion from 'double' to 'float', possible loss of data
     1>..\..\..\..\..\Breakneck-1\Code\Actor.cpp(14957): warning C4244: 'argument' : conversion from 'double' to 'float', possible loss of data
     1>..\..\..\..\..\Breakneck-1\Code\Actor.cpp(14977): warning C4244: 'argument' : conversion from 'double' to 'float', possible loss of data
     1>..\..\..\..\..\Breakneck-1\Code\Actor.cpp(14977): warning C4244: 'argument' : conversion from 'double' to 'float', possible loss of data
     1>..\..\..\..\..\Breakneck-1\Code\Actor.cpp(14979): warning C4244: 'argument' : conversion from 'double' to 'float', possible loss of data
     1>..\..\..\..\..\Breakneck-1\Code\Actor.cpp(14979): warning C4244: 'argument' : conversion from 'double' to 'float', possible loss of data
     1>..\..\..\..\..\Breakneck-1\Code\Actor.cpp(14987): warning C4244: 'argument' : conversion from 'double' to 'float', possible loss of data
     1>..\..\..\..\..\Breakneck-1\Code\Actor.cpp(14987): warning C4244: 'argument' : conversion from 'double' to 'float', possible loss of data
     1>..\..\..\..\..\Breakneck-1\Code\Actor.cpp(15042): warning C4244: 'argument' : conversion from 'double' to 'float', possible loss of data
     1>..\..\..\..\..\Breakneck-1\Code\Actor.cpp(15046): warning C4244: 'argument' : conversion from 'double' to 'float', possible loss of data
     1>..\..\..\..\..\Breakneck-1\Code\Actor.cpp(15066): warning C4244: 'argument' : conversion from 'double' to 'float', possible loss of data
     1>..\..\..\..\..\Breakneck-1\Code\Actor.cpp(15066): warning C4244: 'argument' : conversion from 'double' to 'float', possible loss of data
     1>..\..\..\..\..\Breakneck-1\Code\Actor.cpp(15068): warning C4244: 'argument' : conversion from 'double' to 'float', possible loss of data
     1>..\..\..\..\..\Breakneck-1\Code\Actor.cpp(15068): warning C4244: 'argument' : conversion from 'double' to 'float', possible loss of data
     1>..\..\..\..\..\Breakneck-1\Code\Actor.cpp(15076): warning C4244: 'argument' : conversion from 'double' to 'float', possible loss of data
     1>..\..\..\..\..\Breakneck-1\Code\Actor.cpp(15076): warning C4244: 'argument' : conversion from 'double' to 'float', possible loss of data
     1>..\..\..\..\..\Breakneck-1\Code\Actor.cpp(15127): warning C4244: 'argument' : conversion from 'double' to 'float', possible loss of data
     1>..\..\..\..\..\Breakneck-1\Code\Actor.cpp(15127): warning C4244: 'argument' : conversion from 'double' to 'float', possible loss of data
     1>..\..\..\..\..\Breakneck-1\Code\Actor.cpp(15131): warning C4244: 'argument' : conversion from 'double' to 'float', possible loss of data
     1>..\..\..\..\..\Breakneck-1\Code\Actor.cpp(15131): warning C4244: 'argument' : conversion from 'double' to 'float', possible loss of data
     1>..\..\..\..\..\Breakneck-1\Code\Actor.cpp(15191): warning C4244: 'argument' : conversion from 'double' to 'float', possible loss of data
     1>..\..\..\..\..\Breakneck-1\Code\Actor.cpp(15191): warning C4244: 'argument' : conversion from 'double' to 'float', possible loss of data
     1>..\..\..\..\..\Breakneck-1\Code\Actor.cpp(15195): warning C4244: 'argument' : conversion from 'double' to 'float', possible loss of data
     1>..\..\..\..\..\Breakneck-1\Code\Actor.cpp(15195): warning C4244: 'argument' : conversion from 'double' to 'float', possible loss of data
     1>..\..\..\..\..\Breakneck-1\Code\Actor.cpp(15254): warning C4244: 'argument' : conversion from 'double' to 'float', possible loss of data
     1>..\..\..\..\..\Breakneck-1\Code\Actor.cpp(15254): warning C4244: 'argument' : conversion from 'double' to 'float', possible loss of data
     1>..\..\..\..\..\Breakneck-1\Code\Actor.cpp(15258): warning C4244: 'argument' : conversion from 'double' to 'float', possible loss of data
     1>..\..\..\..\..\Breakneck-1\Code\Actor.cpp(15258): warning C4244: 'argument' : conversion from 'double' to 'float', possible loss of data
     1>..\..\..\..\..\Breakneck-1\Code\Actor.cpp(15306): warning C4244: 'argument' : conversion from 'double' to 'float', possible loss of data
     1>..\..\..\..\..\Breakneck-1\Code\Actor.cpp(15306): warning C4244: 'argument' : conversion from 'double' to 'float', possible loss of data
     1>..\..\..\..\..\Breakneck-1\Code\Actor.cpp(15310): warning C4244: 'argument' : conversion from 'double' to 'float', possible loss of data
     1>..\..\..\..\..\Breakneck-1\Code\Actor.cpp(15310): warning C4244: 'argument' : conversion from 'double' to 'float', possible loss of data
     1>..\..\..\..\..\Breakneck-1\Code\Actor.cpp(15333): warning C4244: 'argument' : conversion from 'double' to 'float', possible loss of data
     1>..\..\..\..\..\Breakneck-1\Code\Actor.cpp(15333): warning C4244: 'argument' : conversion from 'double' to 'float', possible loss of data
     1>..\..\..\..\..\Breakneck-1\Code\Actor.cpp(15394): warning C4244: 'argument' : conversion from 'double' to 'float', possible loss of data
     1>..\..\..\..\..\Breakneck-1\Code\Actor.cpp(15427): warning C4244: 'argument' : conversion from 'double' to 'float', possible loss of data
     1>..\..\..\..\..\Breakneck-1\Code\Actor.cpp(15427): warning C4244: 'argument' : conversion from 'double' to 'float', possible loss of data
     1>..\..\..\..\..\Breakneck-1\Code\Actor.cpp(15431): warning C4482: nonstandard extension used: enum 'EffectLayer' used in qualified name
     1>..\..\..\..\..\Breakneck-1\Code\Actor.cpp(15437): warning C4482: nonstandard extension used: enum 'EffectLayer' used in qualified name
     1>..\..\..\..\..\Breakneck-1\Code\Actor.cpp(15462): warning C4244: 'initializing' : conversion from 'double' to 'int', possible loss of data
     1>..\..\..\..\..\Breakneck-1\Code\Actor.cpp(15518): warning C4244: 'argument' : conversion from 'double' to 'float', possible loss of data
     1>..\..\..\..\..\Breakneck-1\Code\Actor.cpp(15518): warning C4244: 'argument' : conversion from 'double' to 'float', possible loss of data
     1>..\..\..\..\..\Breakneck-1\Code\Actor.cpp(15530): warning C4244: 'argument' : conversion from 'double' to 'float', possible loss of data
     1>..\..\..\..\..\Breakneck-1\Code\Actor.cpp(15530): warning C4244: 'argument' : conversion from 'double' to 'float', possible loss of data
     1>..\..\..\..\..\Breakneck-1\Code\Actor.cpp(15531): warning C4244: 'argument' : conversion from 'double' to 'float', possible loss of data
     1>..\..\..\..\..\Breakneck-1\Code\Actor.cpp(15531): warning C4244: 'argument' : conversion from 'double' to 'float', possible loss of data
     1>..\..\..\..\..\Breakneck-1\Code\Actor.cpp(15532): warning C4244: 'argument' : conversion from 'double' to 'float', possible loss of data
     1>..\..\..\..\..\Breakneck-1\Code\Actor.cpp(15532): warning C4244: 'argument' : conversion from 'double' to 'float', possible loss of data
     1>..\..\..\..\..\Breakneck-1\Code\Actor.cpp(15533): warning C4244: 'argument' : conversion from 'double' to 'float', possible loss of data
     1>..\..\..\..\..\Breakneck-1\Code\Actor.cpp(15533): warning C4244: 'argument' : conversion from 'double' to 'float', possible loss of data
     1>..\..\..\..\..\Breakneck-1\Code\Actor.cpp(15534): warning C4244: 'argument' : conversion from 'double' to 'float', possible loss of data
     1>..\..\..\..\..\Breakneck-1\Code\Actor.cpp(15534): warning C4244: 'argument' : conversion from 'double' to 'float', possible loss of data
     1>..\..\..\..\..\Breakneck-1\Code\Actor.cpp(15535): warning C4244: 'argument' : conversion from 'double' to 'float', possible loss of data
     1>..\..\..\..\..\Breakneck-1\Code\Actor.cpp(15535): warning C4244: 'argument' : conversion from 'double' to 'float', possible loss of data
     1>..\..\..\..\..\Breakneck-1\Code\Actor.cpp(15536): warning C4244: 'argument' : conversion from 'double' to 'float', possible loss of data
     1>..\..\..\..\..\Breakneck-1\Code\Actor.cpp(15536): warning C4244: 'argument' : conversion from 'double' to 'float', possible loss of data
     1>..\..\..\..\..\Breakneck-1\Code\Actor.cpp(15569): warning C4244: 'argument' : conversion from 'double' to 'float', possible loss of data
     1>..\..\..\..\..\Breakneck-1\Code\Actor.cpp(15588): warning C4244: 'argument' : conversion from 'double' to 'float', possible loss of data
     1>..\..\..\..\..\Breakneck-1\Code\Actor.cpp(15588): warning C4244: 'argument' : conversion from 'double' to 'float', possible loss of data
     1>..\..\..\..\..\Breakneck-1\Code\Actor.cpp(15647): warning C4244: 'argument' : conversion from 'double' to 'float', possible loss of data
     1>..\..\..\..\..\Breakneck-1\Code\Actor.cpp(15647): warning C4244: 'argument' : conversion from 'double' to 'float', possible loss of data
     1>..\..\..\..\..\Breakneck-1\Code\Actor.cpp(15680): warning C4244: 'argument' : conversion from 'double' to 'float', possible loss of data
     1>..\..\..\..\..\Breakneck-1\Code\Actor.cpp(15699): warning C4244: 'argument' : conversion from 'double' to 'float', possible loss of data
     1>..\..\..\..\..\Breakneck-1\Code\Actor.cpp(15699): warning C4244: 'argument' : conversion from 'double' to 'float', possible loss of data
     1>..\..\..\..\..\Breakneck-1\Code\Actor.cpp(15725): warning C4244: 'argument' : conversion from 'double' to 'float', possible loss of data
     1>..\..\..\..\..\Breakneck-1\Code\Actor.cpp(15725): warning C4244: 'argument' : conversion from 'double' to 'float', possible loss of data
     1>..\..\..\..\..\Breakneck-1\Code\Actor.cpp(15748): warning C4244: 'argument' : conversion from 'double' to 'float', possible loss of data
     1>..\..\..\..\..\Breakneck-1\Code\Actor.cpp(15768): warning C4244: 'argument' : conversion from 'double' to 'float', possible loss of data
     1>..\..\..\..\..\Breakneck-1\Code\Actor.cpp(15768): warning C4244: 'argument' : conversion from 'double' to 'float', possible loss of data
     1>..\..\..\..\..\Breakneck-1\Code\Actor.cpp(15770): warning C4244: 'argument' : conversion from 'double' to 'float', possible loss of data
     1>..\..\..\..\..\Breakneck-1\Code\Actor.cpp(15770): warning C4244: 'argument' : conversion from 'double' to 'float', possible loss of data
     1>..\..\..\..\..\Breakneck-1\Code\Actor.cpp(15786): warning C4244: 'argument' : conversion from 'double' to 'float', possible loss of data
     1>..\..\..\..\..\Breakneck-1\Code\Actor.cpp(15786): warning C4244: 'argument' : conversion from 'double' to 'float', possible loss of data
     1>..\..\..\..\..\Breakneck-1\Code\Actor.cpp(15845): warning C4244: 'argument' : conversion from 'double' to 'float', possible loss of data
     1>..\..\..\..\..\Breakneck-1\Code\Actor.cpp(15845): warning C4244: 'argument' : conversion from 'double' to 'float', possible loss of data
     1>..\..\..\..\..\Breakneck-1\Code\Actor.cpp(15931): warning C4244: 'argument' : conversion from 'double' to 'float', possible loss of data
     1>..\..\..\..\..\Breakneck-1\Code\Actor.cpp(15974): warning C4244: 'argument' : conversion from 'double' to 'float', possible loss of data
     1>..\..\..\..\..\Breakneck-1\Code\Actor.cpp(15979): warning C4244: 'argument' : conversion from 'double' to 'float', possible loss of data
     1>..\..\..\..\..\Breakneck-1\Code\Actor.cpp(15984): warning C4244: 'argument' : conversion from 'double' to 'float', possible loss of data
     1>..\..\..\..\..\Breakneck-1\Code\Actor.cpp(15988): warning C4244: 'argument' : conversion from 'double' to 'float', possible loss of data
     1>..\..\..\..\..\Breakneck-1\Code\Actor.cpp(15988): warning C4244: 'argument' : conversion from 'double' to 'float', possible loss of data
     1>..\..\..\..\..\Breakneck-1\Code\Actor.cpp(16080): warning C4244: 'argument' : conversion from 'double' to 'float', possible loss of data
     1>..\..\..\..\..\Breakneck-1\Code\Actor.cpp(16101): warning C4244: 'argument' : conversion from 'double' to 'float', possible loss of data
     1>..\..\..\..\..\Breakneck-1\Code\Actor.cpp(16101): warning C4244: 'argument' : conversion from 'double' to 'float', possible loss of data
     1>..\..\..\..\..\Breakneck-1\Code\Actor.cpp(16103): warning C4244: 'argument' : conversion from 'double' to 'float', possible loss of data
     1>..\..\..\..\..\Breakneck-1\Code\Actor.cpp(16103): warning C4244: 'argument' : conversion from 'double' to 'float', possible loss of data
     1>..\..\..\..\..\Breakneck-1\Code\Actor.cpp(16113): warning C4244: 'argument' : conversion from 'double' to 'float', possible loss of data
     1>..\..\..\..\..\Breakneck-1\Code\Actor.cpp(16113): warning C4244: 'argument' : conversion from 'double' to 'float', possible loss of data
     1>..\..\..\..\..\Breakneck-1\Code\Actor.cpp(16123): warning C4244: 'argument' : conversion from 'double' to 'float', possible loss of data
     1>..\..\..\..\..\Breakneck-1\Code\Actor.cpp(16123): warning C4244: 'argument' : conversion from 'double' to 'float', possible loss of data
     1>..\..\..\..\..\Breakneck-1\Code\Actor.cpp(16139): warning C4244: 'argument' : conversion from 'double' to 'float', possible loss of data
     1>..\..\..\..\..\Breakneck-1\Code\Actor.cpp(16139): warning C4244: 'argument' : conversion from 'double' to 'float', possible loss of data
     1>..\..\..\..\..\Breakneck-1\Code\Actor.cpp(16150): warning C4244: 'argument' : conversion from 'double' to 'float', possible loss of data
     1>..\..\..\..\..\Breakneck-1\Code\Actor.cpp(16150): warning C4244: 'argument' : conversion from 'double' to 'float', possible loss of data
     1>..\..\..\..\..\Breakneck-1\Code\Actor.cpp(16184): warning C4244: 'argument' : conversion from 'double' to 'float', possible loss of data
     1>..\..\..\..\..\Breakneck-1\Code\Actor.cpp(16184): warning C4244: 'argument' : conversion from 'double' to 'float', possible loss of data
     1>..\..\..\..\..\Breakneck-1\Code\Actor.cpp(16194): warning C4244: 'argument' : conversion from 'double' to 'float', possible loss of data
     1>..\..\..\..\..\Breakneck-1\Code\Actor.cpp(16194): warning C4244: 'argument' : conversion from 'double' to 'float', possible loss of data
     1>..\..\..\..\..\Breakneck-1\Code\Actor.cpp(16204): warning C4244: 'argument' : conversion from 'double' to 'float', possible loss of data
     1>..\..\..\..\..\Breakneck-1\Code\Actor.cpp(16204): warning C4244: 'argument' : conversion from 'double' to 'float', possible loss of data
     1>..\..\..\..\..\Breakneck-1\Code\Actor.cpp(16249): warning C4244: 'argument' : conversion from 'double' to 'float', possible loss of data
     1>..\..\..\..\..\Breakneck-1\Code\Actor.cpp(16249): warning C4244: 'argument' : conversion from 'double' to 'float', possible loss of data
     1>..\..\..\..\..\Breakneck-1\Code\Actor.cpp(16251): warning C4244: 'argument' : conversion from 'double' to 'float', possible loss of data
     1>..\..\..\..\..\Breakneck-1\Code\Actor.cpp(16251): warning C4244: 'argument' : conversion from 'double' to 'float', possible loss of data
     1>..\..\..\..\..\Breakneck-1\Code\Actor.cpp(16252): warning C4244: 'argument' : conversion from 'double' to 'float', possible loss of data
     1>..\..\..\..\..\Breakneck-1\Code\Actor.cpp(16304): warning C4244: 'argument' : conversion from 'double' to 'float', possible loss of data
     1>..\..\..\..\..\Breakneck-1\Code\Actor.cpp(16304): warning C4244: 'argument' : conversion from 'double' to 'float', possible loss of data
     1>..\..\..\..\..\Breakneck-1\Code\Actor.cpp(16306): warning C4244: 'argument' : conversion from 'double' to 'float', possible loss of data
     1>..\..\..\..\..\Breakneck-1\Code\Actor.cpp(16306): warning C4244: 'argument' : conversion from 'double' to 'float', possible loss of data
     1>..\..\..\..\..\Breakneck-1\Code\Actor.cpp(16307): warning C4244: 'argument' : conversion from 'double' to 'float', possible loss of data
     1>..\..\..\..\..\Breakneck-1\Code\Actor.cpp(16357): warning C4244: 'argument' : conversion from 'double' to 'float', possible loss of data
     1>..\..\..\..\..\Breakneck-1\Code\Actor.cpp(16357): warning C4244: 'argument' : conversion from 'double' to 'float', possible loss of data
     1>..\..\..\..\..\Breakneck-1\Code\Actor.cpp(16359): warning C4244: 'argument' : conversion from 'double' to 'float', possible loss of data
     1>..\..\..\..\..\Breakneck-1\Code\Actor.cpp(16359): warning C4244: 'argument' : conversion from 'double' to 'float', possible loss of data
     1>..\..\..\..\..\Breakneck-1\Code\Actor.cpp(16360): warning C4244: 'argument' : conversion from 'double' to 'float', possible loss of data
     1>..\..\..\..\..\Breakneck-1\Code\Actor.cpp(16370): warning C4244: 'argument' : conversion from 'double' to 'float', possible loss of data
     1>..\..\..\..\..\Breakneck-1\Code\Actor.cpp(16370): warning C4244: 'argument' : conversion from 'double' to 'float', possible loss of data
     1>..\..\..\..\..\Breakneck-1\Code\Actor.cpp(16809): warning C4244: 'argument' : conversion from 'double' to 'int', possible loss of data
       Link:
         C:\Program Files (x86)\Microsoft Visual Studio 10.0\VC\bin\link.exe /ERRORREPORT:PROMPT /OUT:"C:\Users\david pc\documents\visual studio 2010\Projects\Breakneck\Release\Breakneck.exe" /NOLOGO /LIBPATH:"C:\Users\david pc\Libraries\SFML-2.3.2\lib" /LIBPATH:"C:\Users\david pc\Libraries\boost_1_60_0\stage\lib" "sfml-window.lib" "sfml-graphics.lib" "sfml-system.lib" opengl32.lib freetype.lib jpeg.lib winmm.lib gdi32.lib openal32.lib "sfml-audio.lib" flac.lib vorbisenc.lib vorbisfile.lib vorbis.lib ogg.lib "sfml-network.lib" ws2_32.lib kernel32.lib user32.lib gdi32.lib winspool.lib comdlg32.lib advapi32.lib shell32.lib ole32.lib oleaut32.lib uuid.lib odbc32.lib odbccp32.lib /MANIFEST /ManifestFile:"Release\Breakneck.exe.intermediate.manifest" /MANIFESTUAC:"level='asInvoker' uiAccess='false'" /DEBUG /PDB:"C:\Users\david pc\documents\visual studio 2010\Projects\Breakneck\Release\Breakneck.pdb" /OPT:REF /OPT:ICF /LTCG /TLBID:1 /DYNAMICBASE /NXCOMPAT /IMPLIB:"C:\Users\david pc\documents\visual studio 2010\Projects\Breakneck\Release\Breakneck.lib" /MACHINE:X86 Release\Action.obj
         Release\Actor.obj
         Release\ActorParams.obj
         Release\ActorParams1.obj
         Release\ActorParams2.obj
         Release\ActorParams3.obj
         Release\ActorParams4.obj
         Release\ActorParams5.obj
         Release\ActorParams6.obj
         Release\AirParticles.obj
         Release\BarrierReactions.obj
         Release\Boss.obj
         Release\Boss_Bird.obj
         Release\Boss_Coyote.obj
         Release\Boss_Crawler.obj
         Release\Boss_Gator.obj
         Release\Boss_Skeleton.obj
         Release\Boss_Tiger.obj
         Release\Bullet.obj
         Release\Camera.obj
         Release\CharacterAnimator.obj
         Release\Cutscene.obj
         Release\EditSession.obj
         Release\Enemy.obj
         Release\EnemyQuadTree.obj
         Release\Enemy_Badger.obj
         Release\Enemy_BasicEffect.obj
         Release\Enemy_BasicTurret.obj
         Release\Enemy_Bat.obj
         Release\Enemy_Boss_Crawler.obj
         Release\Enemy_Cactus.obj
         Release\Enemy_Cheetah.obj
         Release\Enemy_Copycat.obj
         Release\Enemy_CoralNanobots.obj
         Release\Enemy_Crawler.obj
         Release\Enemy_CrawlerReverser.obj
         Release\Enemy_CurveTurret.obj
         Release\Enemy_FootTrap.obj
         Release\Enemy_Ghost.obj
         Release\Enemy_Goal.obj
         Release\Enemy_Gorilla.obj
         Release\Enemy_GrowingTree.obj
         Release\Enemy_HealthFly.obj
         Release\Enemy_Narwhal.obj
         Release\Enemy_Overgrowth.obj
         Release\Enemy_Owl.obj
         Release\Enemy_Patroller.obj
         Release\Enemy_PoisonFrog.obj
         Release\Enemy_Pulser.obj
         Release\Enemy_SecurityWeb.obj
         Release\Enemy_Shark.obj
         Release\Enemy_Specter.obj
         Release\Enemy_Spider.obj
         Release\Enemy_StagBeetle.obj
         Release\Enemy_Swarm.obj
         Release\Enemy_Turtle.obj
         Release\EnvEffects.obj
         Release\flow.obj
         Release\GameSession.obj
         Release\Gate.obj
         Release\GoalExplosion.obj
         Release\GPUFlow.obj
         Release\GUI.obj
         Release\Input.obj
         Release\LevelSelector.obj
         Release\LevelServer.obj
         Release\Light.obj
         Release\MacInput.obj
         Release\main.obj
         Release\MainMenu.obj
         Release\Movable.obj
         Release\Movement.obj
         Release\Mover.obj
         Release\Nexus.obj
         Release\Parallax.obj
         Release\PauseMenu.obj
         Release\Physics.obj
         Release\PlayerChar.obj
         Release\shapes.obj
         Release\advancing_front.obj
         Release\cdt.obj
         Release\sweep.obj
         Release\sweep_context.obj
         Release\PowerOrbs.obj
         Release\Primitive3D.obj
         Release\QuadTree.obj
         Release\SaveFile.obj
         Release\Sequence.obj
         Release\ShipPickup.obj
         Release\SoundManager.obj
         Release\SurfaceMover.obj
         Release\TerrainPolygon.obj
         Release\Tileset.obj
         Release\VectorMath.obj
         Release\Wire.obj
         Release\WorldMap.obj
         Release\Zone.obj
         Generating code
     1>c:\users\david pc\breakneck-1\code\poly2tri\common\shapes.cc(239): warning C4715: 'p2t::Triangle::PointCCW' : not all control paths return a value
     1>c:\users\david pc\breakneck-1\code\poly2tri\common\shapes.cc(226): warning C4715: 'p2t::Triangle::PointCW' : not all control paths return a value
     1>c:\users\david pc\breakneck-1\code\poly2tri\common\shapes.cc(167): warning C4715: 'p2t::Triangle::Index' : not all control paths return a value
     1>c:\users\david pc\breakneck-1\code\input.cpp(431): warning C4715: 'GameController::Pressed' : not all control paths return a value
     1>c:\users\david pc\breakneck-1\code\poly2tri\sweep\sweep.cc(772): warning C4715: 'p2t::Sweep::NextFlipPoint' : not all control paths return a value
     1>c:\users\david pc\breakneck-1\code\gamesession.cpp(10044): warning C4715: 'GameSession::IsSteepGround' : not all control paths return a value
     1>c:\users\david pc\breakneck-1\code\enemy_swarm.cpp(891): warning C4715: 'Swarm::IHitPlayer' : not all control paths return a value
     1>c:\users\david pc\breakneck-1\code\enemy_swarm.cpp(264): warning C4715: 'SwarmMember::IHitPlayer' : not all control paths return a value
     1>c:\users\david pc\breakneck-1\code\enemy_overgrowth.cpp(328): warning C4715: 'Tree::IHitPlayer' : not all control paths return a value
     1>c:\users\david pc\breakneck-1\code\enemy_curveturret.cpp(487): warning C4715: 'CurveTurret::IHitPlayer' : not all control paths return a value
     1>c:\users\david pc\breakneck-1\code\enemy_coralnanobots.cpp(584): warning C4715: 'CoralBlock::IHitPlayer' : not all control paths return a value
     1>c:\users\david pc\breakneck-1\code\enemy_cactus.cpp(481): warning C4715: 'Cactus::IHitPlayer' : not all control paths return a value
     1>c:\users\david pc\breakneck-1\code\enemy_basicturret.cpp(558): warning C4715: 'BasicTurret::IHitPlayer' : not all control paths return a value
     1>c:\users\david pc\breakneck-1\code\pausemenu.cpp(1843): warning C4715: 'PauseMenu::UpdateVideoOptions' : not all control paths return a value
     1>c:\users\david pc\breakneck-1\code\editsession.cpp(11890): warning C4715: 'EditSession::ConfirmationPop' : not all control paths return a value
     1>c:\users\david pc\breakneck-1\code\pausemenu.cpp(1955): warning C4715: 'PauseMenu::UpdateAudioOptions' : not all control paths return a value
     1>c:\users\david pc\breakneck-1\code\pausemenu.cpp(774): warning C4715: 'OptionsMenu::Update' : not all control paths return a value
     1>c:\users\david pc\breakneck-1\code\gamesession.cpp(1677): warning C4715: 'GameSession::LoadBGPlats' : not all control paths return a value
     1>c:\users\david pc\breakneck-1\code\editsession.cpp(2240): warning C4715: 'EditSession::OpenFile' : not all control paths return a value
     1>c:\users\david pc\breakneck-1\code\editsession.cpp(2187): warning C4700: uninitialized local variable 'numKeysRequired' used
     1>c:\users\david pc\breakneck-1\code\gamesession.cpp(3620): warning C4715: 'GameSession::OpenFile' : not all control paths return a value
         Finished generating code
         Breakneck.vcxproj -> C:\Users\david pc\documents\visual studio 2010\Projects\Breakneck\Release\Breakneck.exe
       Manifest:
         C:\Program Files (x86)\Microsoft SDKs\Windows\v7.0A\bin\mt.exe /nologo /verbose /outputresource:"C:\Users\david pc\documents\visual studio 2010\Projects\Breakneck\Release\Breakneck.exe;#1" /manifest Release\Breakneck.exe.intermediate.manifest
       FinalizeBuildStatus:
         Deleting file "Release\Breakneck.unsuccessfulbuild".
         Touching "Release\Breakneck.lastbuildstate".
     1>Done Building Project "C:\Users\david pc\documents\visual studio 2010\Projects\Breakneck\Breakneck\Breakneck.vcxproj" (build target(s)).

Build succeeded.

Time Elapsed 00:01:32.23
