C:\USERS\DAVID PC\DOCUMENTS\VISUAL STUDIO 2010\PROJECTS\BREAKNECK\BREAKNECK\RELEASE\ACTION.OBJ
C:\USERS\DAVID PC\DOCUMENTS\VISUAL STUDIO 2010\PROJECTS\BREAKNECK\BREAKNECK\RELEASE\ACTOR.OBJ
C:\USERS\DAVID PC\DOCUMENTS\VISUAL STUDIO 2010\PROJECTS\BREAKNECK\BREAKNECK\RELEASE\ACTORPARAMS.OBJ
C:\USERS\DAVID PC\DOCUMENTS\VISUAL STUDIO 2010\PROJECTS\BREAKNECK\BREAKNECK\RELEASE\ADVANCING_FRONT.OBJ
C:\USERS\DAVID PC\DOCUMENTS\VISUAL STUDIO 2010\PROJECTS\BREAKNECK\BREAKNECK\RELEASE\AIRPARTICLES.OBJ
C:\USERS\DAVID PC\DOCUMENTS\VISUAL STUDIO 2010\PROJECTS\BREAKNECK\BREAKNECK\RELEASE\BREAKNECK.EXE.INTERMEDIATE.MANIFEST
C:\Users\david pc\Documents\Visual Studio 2010\Projects\Breakneck\Breakneck\Release\Breakneck.vcxprojResolveAssemblyReference.cache
C:\Users\david pc\Documents\Visual Studio 2010\Projects\Breakneck\Breakneck\Release\Breakneck.write.1.tlog
C:\USERS\DAVID PC\DOCUMENTS\VISUAL STUDIO 2010\PROJECTS\BREAKNECK\BREAKNECK\RELEASE\CAMERA.OBJ
C:\USERS\DAVID PC\DOCUMENTS\VISUAL STUDIO 2010\PROJECTS\BREAKNECK\BREAKNECK\RELEASE\CDT.OBJ
C:\Users\david pc\Documents\Visual Studio 2010\Projects\Breakneck\Breakneck\Release\cl.command.1.tlog
C:\Users\david pc\Documents\Visual Studio 2010\Projects\Breakneck\Breakneck\Release\CL.read.1.tlog
C:\Users\david pc\Documents\Visual Studio 2010\Projects\Breakneck\Breakneck\Release\CL.write.1.tlog
C:\USERS\DAVID PC\DOCUMENTS\VISUAL STUDIO 2010\PROJECTS\BREAKNECK\BREAKNECK\RELEASE\EDITSESSION.OBJ
C:\USERS\DAVID PC\DOCUMENTS\VISUAL STUDIO 2010\PROJECTS\BREAKNECK\BREAKNECK\RELEASE\ENEMY.OBJ
C:\USERS\DAVID PC\DOCUMENTS\VISUAL STUDIO 2010\PROJECTS\BREAKNECK\BREAKNECK\RELEASE\ENEMY_BASICEFFECT.OBJ
C:\USERS\DAVID PC\DOCUMENTS\VISUAL STUDIO 2010\PROJECTS\BREAKNECK\BREAKNECK\RELEASE\ENEMY_BASICTURRET.OBJ
C:\USERS\DAVID PC\DOCUMENTS\VISUAL STUDIO 2010\PROJECTS\BREAKNECK\BREAKNECK\RELEASE\ENEMY_BAT.OBJ
C:\USERS\DAVID PC\DOCUMENTS\VISUAL STUDIO 2010\PROJECTS\BREAKNECK\BREAKNECK\RELEASE\ENEMY_BOSS_CRAWLER.OBJ
C:\USERS\DAVID PC\DOCUMENTS\VISUAL STUDIO 2010\PROJECTS\BREAKNECK\BREAKNECK\RELEASE\ENEMY_CRAWLER.OBJ
C:\USERS\DAVID PC\DOCUMENTS\VISUAL STUDIO 2010\PROJECTS\BREAKNECK\BREAKNECK\RELEASE\ENEMY_CRAWLERREVERSER.OBJ
C:\USERS\DAVID PC\DOCUMENTS\VISUAL STUDIO 2010\PROJECTS\BREAKNECK\BREAKNECK\RELEASE\ENEMY_CURVETURRET.OBJ
C:\USERS\DAVID PC\DOCUMENTS\VISUAL STUDIO 2010\PROJECTS\BREAKNECK\BREAKNECK\RELEASE\ENEMY_FOOTTRAP.OBJ
C:\USERS\DAVID PC\DOCUMENTS\VISUAL STUDIO 2010\PROJECTS\BREAKNECK\BREAKNECK\RELEASE\ENEMY_GHOST.OBJ
C:\USERS\DAVID PC\DOCUMENTS\VISUAL STUDIO 2010\PROJECTS\BREAKNECK\BREAKNECK\RELEASE\ENEMY_GOAL.OBJ
C:\USERS\DAVID PC\DOCUMENTS\VISUAL STUDIO 2010\PROJECTS\BREAKNECK\BREAKNECK\RELEASE\ENEMY_HEALTHFLY.OBJ
C:\USERS\DAVID PC\DOCUMENTS\VISUAL STUDIO 2010\PROJECTS\BREAKNECK\BREAKNECK\RELEASE\ENEMY_MONITOR.OBJ
C:\USERS\DAVID PC\DOCUMENTS\VISUAL STUDIO 2010\PROJECTS\BREAKNECK\BREAKNECK\RELEASE\ENEMY_OVERGROWTH.OBJ
C:\USERS\DAVID PC\DOCUMENTS\VISUAL STUDIO 2010\PROJECTS\BREAKNECK\BREAKNECK\RELEASE\ENEMY_PATROLLER.OBJ
C:\USERS\DAVID PC\DOCUMENTS\VISUAL STUDIO 2010\PROJECTS\BREAKNECK\BREAKNECK\RELEASE\ENEMY_POISONFROG.OBJ
C:\USERS\DAVID PC\DOCUMENTS\VISUAL STUDIO 2010\PROJECTS\BREAKNECK\BREAKNECK\RELEASE\ENEMY_STAGBEETLE.OBJ
C:\USERS\DAVID PC\DOCUMENTS\VISUAL STUDIO 2010\PROJECTS\BREAKNECK\BREAKNECK\RELEASE\ENEMYQUADTREE.OBJ
C:\USERS\DAVID PC\DOCUMENTS\VISUAL STUDIO 2010\PROJECTS\BREAKNECK\BREAKNECK\RELEASE\FLOW.OBJ
C:\USERS\DAVID PC\DOCUMENTS\VISUAL STUDIO 2010\PROJECTS\BREAKNECK\BREAKNECK\RELEASE\GAMESESSION.OBJ
C:\USERS\DAVID PC\DOCUMENTS\VISUAL STUDIO 2010\PROJECTS\BREAKNECK\BREAKNECK\RELEASE\GATE.OBJ
C:\USERS\DAVID PC\DOCUMENTS\VISUAL STUDIO 2010\PROJECTS\BREAKNECK\BREAKNECK\RELEASE\GPUFLOW.OBJ
C:\USERS\DAVID PC\DOCUMENTS\VISUAL STUDIO 2010\PROJECTS\BREAKNECK\BREAKNECK\RELEASE\GUI.OBJ
C:\USERS\DAVID PC\DOCUMENTS\VISUAL STUDIO 2010\PROJECTS\BREAKNECK\BREAKNECK\RELEASE\INPUT.OBJ
C:\USERS\DAVID PC\DOCUMENTS\VISUAL STUDIO 2010\PROJECTS\BREAKNECK\BREAKNECK\RELEASE\KEY.OBJ
C:\USERS\DAVID PC\DOCUMENTS\VISUAL STUDIO 2010\PROJECTS\BREAKNECK\BREAKNECK\RELEASE\LEVELSELECTOR.OBJ
C:\USERS\DAVID PC\DOCUMENTS\VISUAL STUDIO 2010\PROJECTS\BREAKNECK\BREAKNECK\RELEASE\LEVELSERVER.OBJ
C:\USERS\DAVID PC\DOCUMENTS\VISUAL STUDIO 2010\PROJECTS\BREAKNECK\BREAKNECK\RELEASE\LIGHT.OBJ
C:\Users\david pc\Documents\Visual Studio 2010\Projects\Breakneck\Breakneck\Release\link.command.1.tlog
C:\Users\david pc\Documents\Visual Studio 2010\Projects\Breakneck\Breakneck\Release\link.read.1.tlog
C:\Users\david pc\Documents\Visual Studio 2010\Projects\Breakneck\Breakneck\Release\link.write.1.tlog
C:\USERS\DAVID PC\DOCUMENTS\VISUAL STUDIO 2010\PROJECTS\BREAKNECK\BREAKNECK\RELEASE\MACINPUT.OBJ
C:\USERS\DAVID PC\DOCUMENTS\VISUAL STUDIO 2010\PROJECTS\BREAKNECK\BREAKNECK\RELEASE\MAIN.OBJ
C:\USERS\DAVID PC\DOCUMENTS\VISUAL STUDIO 2010\PROJECTS\BREAKNECK\BREAKNECK\RELEASE\MOVEMENT.OBJ
C:\USERS\DAVID PC\DOCUMENTS\VISUAL STUDIO 2010\PROJECTS\BREAKNECK\BREAKNECK\RELEASE\MOVER.OBJ
C:\Users\david pc\Documents\Visual Studio 2010\Projects\Breakneck\Breakneck\Release\mt.command.1.tlog
C:\Users\david pc\Documents\Visual Studio 2010\Projects\Breakneck\Breakneck\Release\mt.read.1.tlog
C:\Users\david pc\Documents\Visual Studio 2010\Projects\Breakneck\Breakneck\Release\mt.write.1.tlog
C:\USERS\DAVID PC\DOCUMENTS\VISUAL STUDIO 2010\PROJECTS\BREAKNECK\BREAKNECK\RELEASE\PHYSICS.OBJ
C:\USERS\DAVID PC\DOCUMENTS\VISUAL STUDIO 2010\PROJECTS\BREAKNECK\BREAKNECK\RELEASE\PLAYERCHAR.OBJ
C:\USERS\DAVID PC\DOCUMENTS\VISUAL STUDIO 2010\PROJECTS\BREAKNECK\BREAKNECK\RELEASE\PRIMITIVE3D.OBJ
C:\USERS\DAVID PC\DOCUMENTS\VISUAL STUDIO 2010\PROJECTS\BREAKNECK\BREAKNECK\RELEASE\QUADTREE.OBJ
C:\USERS\DAVID PC\DOCUMENTS\VISUAL STUDIO 2010\PROJECTS\BREAKNECK\BREAKNECK\RELEASE\SHAPES.OBJ
C:\USERS\DAVID PC\DOCUMENTS\VISUAL STUDIO 2010\PROJECTS\BREAKNECK\BREAKNECK\RELEASE\SURFACEMOVER.OBJ
C:\USERS\DAVID PC\DOCUMENTS\VISUAL STUDIO 2010\PROJECTS\BREAKNECK\BREAKNECK\RELEASE\SWEEP.OBJ
C:\USERS\DAVID PC\DOCUMENTS\VISUAL STUDIO 2010\PROJECTS\BREAKNECK\BREAKNECK\RELEASE\SWEEP_CONTEXT.OBJ
C:\USERS\DAVID PC\DOCUMENTS\VISUAL STUDIO 2010\PROJECTS\BREAKNECK\BREAKNECK\RELEASE\TILESET.OBJ
C:\USERS\DAVID PC\DOCUMENTS\VISUAL STUDIO 2010\PROJECTS\BREAKNECK\BREAKNECK\RELEASE\VC100.PDB
C:\USERS\DAVID PC\DOCUMENTS\VISUAL STUDIO 2010\PROJECTS\BREAKNECK\BREAKNECK\RELEASE\VECTORMATH.OBJ
C:\USERS\DAVID PC\DOCUMENTS\VISUAL STUDIO 2010\PROJECTS\BREAKNECK\BREAKNECK\RELEASE\WIRE.OBJ
C:\USERS\DAVID PC\DOCUMENTS\VISUAL STUDIO 2010\PROJECTS\BREAKNECK\BREAKNECK\RELEASE\ZONE.OBJ
C:\USERS\DAVID PC\DOCUMENTS\VISUAL STUDIO 2010\PROJECTS\BREAKNECK\RELEASE\BREAKNECK.EXE
C:\USERS\DAVID PC\DOCUMENTS\VISUAL STUDIO 2010\PROJECTS\BREAKNECK\RELEASE\BREAKNECK.PDB
